Build started 2015-07-25 18:56:07.
     1>Project "C:\Users\Bartosz\Documents\Programowanie\Konsola\ZombieWalls_Project\ZombieWalls_Project\ZombieWalls_Project.vcxproj" on node 2 (Build target(s)).
     1>ClCompile:
         C:\Program Files (x86)\Microsoft Visual Studio 11.0\VC\bin\CL.exe /c /ZI /nologo /W3 /WX- /Od /Oy- /D WIN32 /D _DEBUG /D _CONSOLE /D _UNICODE /D UNICODE /Gm /EHsc /RTC1 /MDd /GS /fp:precise /Zc:wchar_t /Zc:forScope /Fo"Debug\\" /Fd"Debug\vc110.pdb" /Gd /TC /analyze- /errorReport:prompt SteeringFunctions.c
         SteeringFunctions.c
     1>c:\users\bartosz\documents\programowanie\konsola\zombiewalls_project\zombiewalls_project\steeringfunctions.c(65): warning C4047: 'initializing' : 'char' differs in levels of indirection from 'void *'
     1>c:\users\bartosz\documents\programowanie\konsola\zombiewalls_project\zombiewalls_project\steeringfunctions.c(66): warning C4996: 'kbhit': The POSIX name for this item is deprecated. Instead, use the ISO C++ conformant name: _kbhit. See online help for details.
                 c:\program files (x86)\microsoft visual studio 11.0\vc\include\conio.h(133) : see declaration of 'kbhit'
     1>c:\users\bartosz\documents\programowanie\konsola\zombiewalls_project\zombiewalls_project\steeringfunctions.c(68): warning C4996: 'getch': The POSIX name for this item is deprecated. Instead, use the ISO C++ conformant name: _getch. See online help for details.
                 c:\program files (x86)\microsoft visual studio 11.0\vc\include\conio.h(131) : see declaration of 'getch'
     1>c:\users\bartosz\documents\programowanie\konsola\zombiewalls_project\zombiewalls_project\steeringfunctions.c(103): warning C4244: 'function' : conversion from 'time_t' to 'unsigned int', possible loss of data
     1>c:\users\bartosz\documents\programowanie\konsola\zombiewalls_project\zombiewalls_project\steeringfunctions.c(112): warning C4018: '<' : signed/unsigned mismatch
       Link:
         C:\Program Files (x86)\Microsoft Visual Studio 11.0\VC\bin\link.exe /ERRORREPORT:PROMPT /OUT:"C:\Users\Bartosz\Documents\Programowanie\Konsola\ZombieWalls_Project\Debug\ZombieWalls_Project.exe" /INCREMENTAL /NOLOGO kernel32.lib user32.lib gdi32.lib winspool.lib comdlg32.lib advapi32.lib shell32.lib ole32.lib oleaut32.lib uuid.lib odbc32.lib odbccp32.lib /MANIFEST /MANIFESTUAC:"level='asInvoker' uiAccess='false'" /manifest:embed /DEBUG /PDB:"C:\Users\Bartosz\Documents\Programowanie\Konsola\ZombieWalls_Project\Debug\ZombieWalls_Project.pdb" /SUBSYSTEM:CONSOLE /TLBID:1 /DYNAMICBASE /NXCOMPAT /IMPLIB:"C:\Users\Bartosz\Documents\Programowanie\Konsola\ZombieWalls_Project\Debug\ZombieWalls_Project.lib" /MACHINE:X86 Debug\InterfaceFunctions.obj
         Debug\MainSource.obj
         Debug\SteeringFunctions.obj
         ZombieWalls_Project.vcxproj -> C:\Users\Bartosz\Documents\Programowanie\Konsola\ZombieWalls_Project\Debug\ZombieWalls_Project.exe
     1>Done Building Project "C:\Users\Bartosz\Documents\Programowanie\Konsola\ZombieWalls_Project\ZombieWalls_Project\ZombieWalls_Project.vcxproj" (Build target(s)).

Build succeeded.

Time Elapsed 00:00:01.06
